<?xml version="1.0" encoding="UTF-8" standalone="no"?><testsuite errors="0" failures="0" hostname="SINA-UX430UA" name="default.LambdaExpressionTests" tests="17" time="0.185000"><properties>
[...]
</properties><testcase classname="default.LambdaExpressionTests" name="testStreamLambda" time="0.0370000"/><testcase classname="default.LambdaExpressionTests" name="testStreamCollect" time="0.00100000"/><testcase classname="default.LambdaExpressionTests" name="testBinaryOperator" time="0.00600000"/><testcase classname="default.LambdaExpressionTests" name="testParameterless" time="0.00200000"/><testcase classname="default.LambdaExpressionTests" name="testConsumer" time="0.00300000"/><testcase classname="default.LambdaExpressionTests" name="testSupplier" time="0.00900000"/><testcase classname="default.LambdaExpressionTests" name="testStreamIsLazy" time="0.100000"/><testcase classname="default.LambdaExpressionTests" name="testRunnableThread" time="0.00400000"/><testcase classname="default.LambdaExpressionTests" name="testContextlessSupplier" time="0.00100000"/><testcase classname="default.LambdaExpressionTests" name="testContextlessConsumer" time="0.00000"/><testcase classname="default.LambdaExpressionTests" name="testContextlessFunction" time="0.00100000"/><testcase classname="default.LambdaExpressionTests" name="testPredicateVariable" time="0.00400000"/><testcase classname="default.LambdaExpressionTests" name="testUnaryVariable" time="0.00300000"/><testcase classname="default.LambdaExpressionTests" name="testFunctionVariable" time="0.00400000"/><testcase classname="default.LambdaExpressionTests" name="testSupplierVariable" time="0.00200000"/><testcase classname="default.LambdaExpressionTests" name="testContextlessLambda" time="0.00100000"/><testcase classname="default.LambdaExpressionTests" name="testLambdaReuse" time="0.00700000"/><system-out>0&#13;
1&#13;
</system-out><system-err/></testsuite>