<?xml version="1.0" encoding="UTF-8" standalone="no"?><testsuite errors="0" failures="0" hostname="SINA-UX430UA" name="default.LambdaExpressionTest" tests="5" time="0.0560000"><properties>
[...]
</properties><testcase classname="default.LambdaExpressionTest" name="testStreamLambda" time="0.0240000"/><testcase classname="default.LambdaExpressionTest" name="testParameterless" time="0.00000"/><testcase classname="default.LambdaExpressionTest" name="testConsumer" time="0.0140000"/><testcase classname="default.LambdaExpressionTest" name="testSupplier" time="0.00200000"/><testcase classname="default.LambdaExpressionTest" name="testStreamIsLazy" time="0.0160000"/><system-out>0&#13;
1&#13;
</system-out><system-err/></testsuite>