<?xml version="1.0" encoding="UTF-8" standalone="no"?><testsuite errors="0" failures="0" hostname="SINA-UX430UA" name="default.SequentialFirstOrderOperationTests" tests="15" time="0.00000"><properties>
[...]
</properties><testcase classname="default.SequentialFirstOrderOperationTests" name="testSequentialSelect" time="0.00000"/><testcase classname="default.SequentialFirstOrderOperationTests" name="testSequentialSelectOne" time="0.00000"/><testcase classname="default.SequentialFirstOrderOperationTests" name="testSequentialReject" time="0.00000"/><testcase classname="default.SequentialFirstOrderOperationTests" name="testSequentialRejectOne" time="0.00000"/><testcase classname="default.SequentialFirstOrderOperationTests" name="testSequentialExists" time="0.00000"/><testcase classname="default.SequentialFirstOrderOperationTests" name="testSequentialOne" time="0.00000"/><testcase classname="default.SequentialFirstOrderOperationTests" name="testSequentialNone" time="0.00000"/><testcase classname="default.SequentialFirstOrderOperationTests" name="testSequentialAtMostNMatch" time="0.00000"/><testcase classname="default.SequentialFirstOrderOperationTests" name="testSequentialAtLeastNMatch" time="0.00000"/><testcase classname="default.SequentialFirstOrderOperationTests" name="testSequentialNMatch" time="0.00000"/><testcase classname="default.SequentialFirstOrderOperationTests" name="testSequentialCount" time="0.00000"/><testcase classname="default.SequentialFirstOrderOperationTests" name="testSequentialForAll" time="0.00000"/><testcase classname="default.SequentialFirstOrderOperationTests" name="testSequentialCollect" time="0.00000"/><testcase classname="default.SequentialFirstOrderOperationTests" name="testSequentialSortBy" time="0.00000"/><testcase classname="default.SequentialFirstOrderOperationTests" name="testSequentialMapBy" time="0.00000"/><system-out/><system-err/></testsuite>